Copyright 1986-2020 Xilinx, Inc. All Rights Reserved.
------------------------------------------------------------------------------------
| Tool Version : Vivado v.2020.2 (win64) Build 3064766 Wed Nov 18 09:12:45 MST 2020
| Date         : Sat Aug  2 16:19:01 2025
| Host         : DESKTOP-LV4MJ13 running 64-bit major release  (build 9200)
| Command      : upgrade_ip
| Device       : xc7k325tfbg676-2
------------------------------------------------------------------------------------

Upgrade Log for IP 'clk_wiz_0'

1. Summary
----------

CAUTION (success, with warnings) in the conversion of clk_wiz_0 (xilinx.com:ip:clk_wiz:6.0 (Rev. 6)) to Vivado generation flows.

After upgrade, an IP may have parameter and port differences compared to the original customization. Please review the parameters within the IP customization GUI to ensure proper functionality. Also, please review the updated IP instantiation template to ensure proper connectivity, and update your design if required.

2. Interface Information
------------------------

Detected external interface differences while upgrading 'clk_wiz_0'.


-Upgrade has renamed interface 'CLOCK_CLK_IN1' as 'clock_CLK_IN1' (xilinx.com:signal:clock:1.0)

-Upgraded interface 'clock_CLK_IN1' (xilinx.com:signal:clock:1.0) differs from original interface ':::'

-Upgrade has renamed interface 'CLOCK_CLK_OUT1' as 'clock_CLK_OUT1' (xilinx.com:signal:clock:1.0)

-Upgraded interface 'clock_CLK_OUT1' (xilinx.com:signal:clock:1.0) differs from original interface ':::'


3. Connection Warnings
----------------------

Detected external port differences while upgrading 'clk_wiz_0'. These changes may impact your design.


-Upgrade has added port 'clk_in1'

-Upgrade has added port 'clk_out1'

-Upgrade has added port 'locked'


